0 info it worked if it ends with ok
1 verbose cli [ '/usr/local/bin/node', '/usr/local/bin/npm', 'publish' ]
2 info using npm@2.5.1
3 info using node@v0.12.0
4 verbose publish [ '.' ]
5 silly cache add args [ '.', null ]
6 verbose cache add spec .
7 silly cache add parsed spec { raw: '.',
7 silly cache add   scope: null,
7 silly cache add   name: null,
7 silly cache add   rawSpec: '.',
7 silly cache add   spec: '/home/hiluluke/github/tra',
7 silly cache add   type: 'directory' }
8 verbose addLocalDirectory /home/hiluluke/.npm/tra/0.0.3/package.tgz not in flight; packing
9 verbose tar pack [ '/home/hiluluke/.npm/tra/0.0.3/package.tgz',
9 verbose tar pack   '/home/hiluluke/github/tra' ]
10 verbose tarball /home/hiluluke/.npm/tra/0.0.3/package.tgz
11 verbose folder /home/hiluluke/github/tra
12 info prepublish tra@0.0.3
13 verbose addLocalTarball adding from inside cache /home/hiluluke/.npm/tra/0.0.3/package.tgz
14 silly cache afterAdd tra@0.0.3
15 verbose afterAdd /home/hiluluke/.npm/tra/0.0.3/package/package.json not in flight; writing
16 verbose afterAdd /home/hiluluke/.npm/tra/0.0.3/package/package.json written
17 silly publish { name: 'tra',
17 silly publish   version: '0.0.3',
17 silly publish   description: '一个单词翻译的sheel工具',
17 silly publish   main: 'bin/tra',
17 silly publish   repository: { type: 'git', url: 'https://github.com/wszgxa/tra' },
17 silly publish   engines: { node: '>=0.10' },
17 silly publish   keywords: [ 'sheel', 'translate', '中文', 'english' ],
17 silly publish   preferGlobal: true,
17 silly publish   bin: { tra: './bin/tra' },
17 silly publish   scripts: { test: 'echo "Error: no test specified" && exit 1' },
17 silly publish   author: { name: 'hiluluke' },
17 silly publish   dependencies: { superagent: '^0.21.0' },
17 silly publish   readme: '# tra\n**一个用基于nodejs的sheel翻译工具**\n\n## 依赖\n必须有nodejs版本在0.10.x以上都可以，npm必须的。另外在windows下暂时不知道是否有bug，有请提issue。\n\n## 安装\n\n```sh\n$ sudo npm install -g tra\n```\n## 快速开始\n\n安装完成后直接打开命令行输入`tra 单词`如输入`tra hello`\n另外还有一些其他的：\n* 输入`tra -h`打开帮助文档\n* 输入`tra -v`显示版本\n\n如果有问题，请提issue\n\n## 使用效果图\n![效果图](http://7vzo21.com1.z0.glb.clouddn.com/选区_011.png)\n',
17 silly publish   readmeFilename: 'README.md',
17 silly publish   gitHead: '29b2186e7d891291ba230120e805ab0ed070f3a1',
17 silly publish   bugs: { url: 'https://github.com/wszgxa/tra/issues' },
17 silly publish   homepage: 'https://github.com/wszgxa/tra',
17 silly publish   _id: 'tra@0.0.3',
17 silly publish   _shasum: 'cfbfc15d73fca21f2a2a41e577ef601139dbf4f4',
17 silly publish   _from: '.' }
18 silly mapToRegistry name tra
19 silly mapToRegistry using default registry
20 silly mapToRegistry registry https://registry.npmjs.org/
21 silly mapToRegistry uri https://registry.npmjs.org/tra
22 verbose publish registryBase https://registry.npmjs.org/
23 silly publish uploading /home/hiluluke/.npm/tra/0.0.3/package.tgz
24 verbose request uri https://registry.npmjs.org/tra
25 verbose request sending authorization for write operation
26 info attempt registry request try #1 at 15:39:57
27 verbose request id 816ca01efe0c7f47
28 http request PUT https://registry.npmjs.org/tra
29 http 403 https://registry.npmjs.org/tra
30 verbose headers { date: 'Sun, 15 Feb 2015 07:39:58 GMT',
30 verbose headers   server: 'CouchDB/1.5.0 (Erlang OTP/R16B03)',
30 verbose headers   'content-type': 'application/json',
30 verbose headers   'cache-control': 'max-age=60',
30 verbose headers   'content-length': '2988',
30 verbose headers   'accept-ranges': 'bytes',
30 verbose headers   via: '1.1 varnish',
30 verbose headers   'x-served-by': 'cache-ty68-TYO',
30 verbose headers   'x-cache': 'MISS',
30 verbose headers   'x-cache-hits': '0',
30 verbose headers   'x-timer': 'S1423985997.690962,VS0,VE514',
30 verbose headers   'keep-alive': 'timeout=10, max=50',
30 verbose headers   connection: 'Keep-Alive' }
31 verbose request invalidating /home/hiluluke/.npm/registry.npmjs.org/tra on PUT
32 error publish Failed PUT 403
33 verbose stack Error: forbidden cannot modify pre-existing version: 0.0.3
33 verbose stack old={"name":"tra","version":"0.0.3","description":"一个单词翻译的sheel工具","main":"bin/tra","repository":{"type":"git","url":"https://github.com/wszgxa/tra"},"engines":{"node":">=0.10"},"keywords":["sheel","translate","中文","english"],"preferGlobal":true,"bin":{"tra":"./bin/tra"},"scripts":{"test":"echo \"Error: no test specified\" && exit 1"},"author":{"name":"hiluluke"},"dependencies":{"superagent":"^0.21.0"},"gitHead":"98465aed95882eba353e3934a24a7945c4971522","bugs":{"url":"https://github.com/wszgxa/tra/issues"},"homepage":"https://github.com/wszgxa/tra","_id":"tra@0.0.3","_shasum":"b1aeb8962b95655d509cfd9f4a2ec7e3374a40c4","_from":".","_npmVersion":"2.5.1","_nodeVersion":"0.12.0","_npmUser":{"name":"hiluluke","email":"hiluluke@hotmail.com"},"maintainers":[{"name":"hiluluke","email":"hiluluke@hotmail.com"}],"dist":{"shasum":"b1aeb8962b95655d509cfd9f4a2ec7e3374a40c4","tarball":"http://registry.npmjs.org/tra/-/tra-0.0.3.tgz"}}
33 verbose stack new={"name":"tra","version":"0.0.3","description":"一个单词翻译的sheel工具","main":"bin/tra","repository":{"type":"git","url":"https://github.com/wszgxa/tra"},"engines":{"node":">=0.10"},"keywords":["sheel","translate","中文","english"],"preferGlobal":true,"bin":{"tra":"./bin/tra"},"scripts":{"test":"echo \"Error: no test specified\" && exit 1"},"author":{"name":"hiluluke"},"dependencies":{"superagent":"^0.21.0"},"readme":"# tra\u000a**一个用基于nodejs的sheel翻译工具**\u000a\u000a## 依赖\u000a必须有nodejs版本在0.10.x以上都可以，npm必须的。另外在windows下暂时不知道是否有bug，有请提issue。\u000a\u000a## 安装\u000a\u000a```sh\u000a$ sudo npm install -g tra\u000a```\u000a## 快速开始\u000a\u000a安装完成后直接打开命令行输入`tra 单词`如输入`tra hello`\u000a另外还有一些其他的：\u000a* 输入`tra -h`打开帮助文档\u000a* 输入`tra -v`显示版本\u000a\u000a如果有问题，请提issue\u000a\u000a## 使用效果图\u000a![效果图](http://7vzo21.com1.z0.glb.clouddn.com/选区_011.png)\u000a","readmeFilename":"README.md","gitHead":"29b2186e7d891291ba230120e805ab0ed070f3a1","bugs":{"url":"https://github.com/wszgxa/tra/issues"},"homepage":"https://github.com/wszgxa/tra","_id":"tra@0.0.3","_shasum":"cfbfc15d73fca21f2a2a41e577ef601139dbf4f4","_from":".","_npmVersion":"2.5.1","_nodeVersion":"0.12.0","_npmUser":{"name":"hiluluke","email":"hiluluke@hotmail.com"},"maintainers":[{"name":"hiluluke","email":"hiluluke@hotmail.com"}],"dist":{"shasum":"cfbfc15d73fca21f2a2a41e577ef601139dbf4f4","tarball":"http://registry.npmjs.org/tra/-/tra-0.0.3.tgz"}}: tra
33 verbose stack     at CachingRegistryClient.<anonymous> (/usr/local/lib/node_modules/npm/node_modules/npm-registry-client/lib/request.js:254:14)
33 verbose stack     at Request._callback (/usr/local/lib/node_modules/npm/node_modules/npm-registry-client/lib/request.js:178:14)
33 verbose stack     at Request.self.callback (/usr/local/lib/node_modules/npm/node_modules/request/request.js:344:22)
33 verbose stack     at Request.emit (events.js:110:17)
33 verbose stack     at Request.<anonymous> (/usr/local/lib/node_modules/npm/node_modules/request/request.js:1239:14)
33 verbose stack     at Request.emit (events.js:129:20)
33 verbose stack     at IncomingMessage.<anonymous> (/usr/local/lib/node_modules/npm/node_modules/request/request.js:1187:12)
33 verbose stack     at IncomingMessage.emit (events.js:129:20)
33 verbose stack     at _stream_readable.js:908:16
33 verbose stack     at process._tickCallback (node.js:355:11)
34 verbose statusCode 403
35 verbose pkgid tra
36 verbose cwd /home/hiluluke/github/tra
37 error Linux 3.13.0-45-generic
38 error argv "/usr/local/bin/node" "/usr/local/bin/npm" "publish"
39 error node v0.12.0
40 error npm  v2.5.1
41 error code E403
42 error forbidden cannot modify pre-existing version: 0.0.3
42 error old={"name":"tra","version":"0.0.3","description":"一个单词翻译的sheel工具","main":"bin/tra","repository":{"type":"git","url":"https://github.com/wszgxa/tra"},"engines":{"node":">=0.10"},"keywords":["sheel","translate","中文","english"],"preferGlobal":true,"bin":{"tra":"./bin/tra"},"scripts":{"test":"echo \"Error: no test specified\" && exit 1"},"author":{"name":"hiluluke"},"dependencies":{"superagent":"^0.21.0"},"gitHead":"98465aed95882eba353e3934a24a7945c4971522","bugs":{"url":"https://github.com/wszgxa/tra/issues"},"homepage":"https://github.com/wszgxa/tra","_id":"tra@0.0.3","_shasum":"b1aeb8962b95655d509cfd9f4a2ec7e3374a40c4","_from":".","_npmVersion":"2.5.1","_nodeVersion":"0.12.0","_npmUser":{"name":"hiluluke","email":"hiluluke@hotmail.com"},"maintainers":[{"name":"hiluluke","email":"hiluluke@hotmail.com"}],"dist":{"shasum":"b1aeb8962b95655d509cfd9f4a2ec7e3374a40c4","tarball":"http://registry.npmjs.org/tra/-/tra-0.0.3.tgz"}}
42 error new={"name":"tra","version":"0.0.3","description":"一个单词翻译的sheel工具","main":"bin/tra","repository":{"type":"git","url":"https://github.com/wszgxa/tra"},"engines":{"node":">=0.10"},"keywords":["sheel","translate","中文","english"],"preferGlobal":true,"bin":{"tra":"./bin/tra"},"scripts":{"test":"echo \"Error: no test specified\" && exit 1"},"author":{"name":"hiluluke"},"dependencies":{"superagent":"^0.21.0"},"readme":"# tra\u000a**一个用基于nodejs的sheel翻译工具**\u000a\u000a## 依赖\u000a必须有nodejs版本在0.10.x以上都可以，npm必须的。另外在windows下暂时不知道是否有bug，有请提issue。\u000a\u000a## 安装\u000a\u000a```sh\u000a$ sudo npm install -g tra\u000a```\u000a## 快速开始\u000a\u000a安装完成后直接打开命令行输入`tra 单词`如输入`tra hello`\u000a另外还有一些其他的：\u000a* 输入`tra -h`打开帮助文档\u000a* 输入`tra -v`显示版本\u000a\u000a如果有问题，请提issue\u000a\u000a## 使用效果图\u000a![效果图](http://7vzo21.com1.z0.glb.clouddn.com/选区_011.png)\u000a","readmeFilename":"README.md","gitHead":"29b2186e7d891291ba230120e805ab0ed070f3a1","bugs":{"url":"https://github.com/wszgxa/tra/issues"},"homepage":"https://github.com/wszgxa/tra","_id":"tra@0.0.3","_shasum":"cfbfc15d73fca21f2a2a41e577ef601139dbf4f4","_from":".","_npmVersion":"2.5.1","_nodeVersion":"0.12.0","_npmUser":{"name":"hiluluke","email":"hiluluke@hotmail.com"},"maintainers":[{"name":"hiluluke","email":"hiluluke@hotmail.com"}],"dist":{"shasum":"cfbfc15d73fca21f2a2a41e577ef601139dbf4f4","tarball":"http://registry.npmjs.org/tra/-/tra-0.0.3.tgz"}}: tra
43 error If you need help, you may report this error at:
43 error     <http://github.com/npm/npm/issues>
44 verbose exit [ 1, true ]
